Reading pref.tcl

# 2023.2_2

# vsim -postsimdataflow -debugdb -c -voptargs=""+acc"" tb -do "modelsim_framework.do" -gOUTPUT_TRACE=ms.trace 
# Start time: 16:48:25 on Apr 13,2024
# ** Note: (vsim-3812) Design is being optimized...
# ** Note: (vsim-8611) Generating debug db.
# ** Warning: (vopt-10587) Some optimizations are turned off because the +acc switch is in effect. This will cause your simulation to run slowly. Please use -access/-debug to maintain needed visibility.
# ** Warning: ../../proj/src/fetch/fetch.vhd(67): (vopt-3473) Component instance "g_adder1 : adder_N" is not bound.
#         Region: /tb/MyMips/FetchLog
# ** Warning: ../../proj/src/fetch/fetch.vhd(81): (vopt-3473) Component instance "g_adder2 : adder_N" is not bound.
#         Region: /tb/MyMips/FetchLog
# ** Warning: ../../proj/src/TopLevel/MIPS_Processor.vhd(237): (vopt-3473) Component instance "RegisterFile : regFile" is not bound.
#         Region: /tb/MyMips
# ** Warning: ../../proj/src/TopLevel/MIPS_Processor.vhd(256): (vopt-3473) Component instance "extend : extender16t32" is not bound.
#         Region: /tb/MyMips
# ** Warning: ../../proj/src/ALU/ALU.vhd(126): (vopt-3473) Component instance "ANDGS : andg2" is not bound.
#         Region: /tb/MyMips/cALU/ALU_AND(0)
# ** Warning: ../../proj/src/ALU/ALU.vhd(126): (vopt-3473) Component instance "ANDGS : andg2" is not bound.
#         Region: /tb/MyMips/cALU/ALU_AND(1)
# ** Warning: ../../proj/src/ALU/ALU.vhd(126): (vopt-3473) Component instance "ANDGS : andg2" is not bound.
#         Region: /tb/MyMips/cALU/ALU_AND(2)
# ** Warning: ../../proj/src/ALU/ALU.vhd(126): (vopt-3473) Component instance "ANDGS : andg2" is not bound.
#         Region: /tb/MyMips/cALU/ALU_AND(3)
# ** Warning: ../../proj/src/ALU/ALU.vhd(126): (vopt-3473) Component instance "ANDGS : andg2" is not bound.
#         Region: /tb/MyMips/cALU/ALU_AND(4)
# ** Warning: ../../proj/src/ALU/ALU.vhd(126): (vopt-3473) Component instance "ANDGS : andg2" is not bound.
#         Region: /tb/MyMips/cALU/ALU_AND(5)
# ** Warning: ../../proj/src/ALU/ALU.vhd(126): (vopt-3473) Component instance "ANDGS : andg2" is not bound.
#         Region: /tb/MyMips/cALU/ALU_AND(6)
# ** Warning: ../../proj/src/ALU/ALU.vhd(126): (vopt-3473) Component instance "ANDGS : andg2" is not bound.
#         Region: /tb/MyMips/cALU/ALU_AND(7)
# ** Warning: ../../proj/src/ALU/ALU.vhd(126): (vopt-3473) Component instance "ANDGS : andg2" is not bound.
#         Region: /tb/MyMips/cALU/ALU_AND(8)
# ** Warning: ../../proj/src/ALU/ALU.vhd(126): (vopt-3473) Component instance "ANDGS : andg2" is not bound.
#         Region: /tb/MyMips/cALU/ALU_AND(9)
# ** Warning: ../../proj/src/ALU/ALU.vhd(126): (vopt-3473) Component instance "ANDGS : andg2" is not bound.
#         Region: /tb/MyMips/cALU/ALU_AND(10)
# ** Warning: ../../proj/src/ALU/ALU.vhd(126): (vopt-3473) Component instance "ANDGS : andg2" is not bound.
#         Region: /tb/MyMips/cALU/ALU_AND(11)
# ** Warning: ../../proj/src/ALU/ALU.vhd(126): (vopt-3473) Component instance "ANDGS : andg2" is not bound.
#         Region: /tb/MyMips/cALU/ALU_AND(12)
# ** Warning: ../../proj/src/ALU/ALU.vhd(126): (vopt-3473) Component instance "ANDGS : andg2" is not bound.
#         Region: /tb/MyMips/cALU/ALU_AND(13)
# ** Warning: ../../proj/src/ALU/ALU.vhd(126): (vopt-3473) Component instance "ANDGS : andg2" is not bound.
#         Region: /tb/MyMips/cALU/ALU_AND(14)
# ** Warning: ../../proj/src/ALU/ALU.vhd(126): (vopt-3473) Component instance "ANDGS : andg2" is not bound.
#         Region: /tb/MyMips/cALU/ALU_AND(15)
# ** Warning: ../../proj/src/ALU/ALU.vhd(126): (vopt-3473) Component instance "ANDGS : andg2" is not bound.
#         Region: /tb/MyMips/cALU/ALU_AND(16)
# ** Warning: ../../proj/src/ALU/ALU.vhd(126): (vopt-3473) Component instance "ANDGS : andg2" is not bound.
#         Region: /tb/MyMips/cALU/ALU_AND(17)
# ** Warning: ../../proj/src/ALU/ALU.vhd(126): (vopt-3473) Component instance "ANDGS : andg2" is not bound.
#         Region: /tb/MyMips/cALU/ALU_AND(18)
# ** Warning: ../../proj/src/ALU/ALU.vhd(126): (vopt-3473) Component instance "ANDGS : andg2" is not bound.
#         Region: /tb/MyMips/cALU/ALU_AND(19)
# ** Warning: ../../proj/src/ALU/ALU.vhd(126): (vopt-3473) Component instance "ANDGS : andg2" is not bound.
#         Region: /tb/MyMips/cALU/ALU_AND(20)
# ** Warning: ../../proj/src/ALU/ALU.vhd(126): (vopt-3473) Component instance "ANDGS : andg2" is not bound.
#         Region: /tb/MyMips/cALU/ALU_AND(21)
# ** Warning: ../../proj/src/ALU/ALU.vhd(126): (vopt-3473) Component instance "ANDGS : andg2" is not bound.
#         Region: /tb/MyMips/cALU/ALU_AND(22)
# ** Warning: ../../proj/src/ALU/ALU.vhd(126): (vopt-3473) Component instance "ANDGS : andg2" is not bound.
#         Region: /tb/MyMips/cALU/ALU_AND(23)
# ** Warning: ../../proj/src/ALU/ALU.vhd(126): (vopt-3473) Component instance "ANDGS : andg2" is not bound.
#         Region: /tb/MyMips/cALU/ALU_AND(24)
# ** Warning: ../../proj/src/ALU/ALU.vhd(126): (vopt-3473) Component instance "ANDGS : andg2" is not bound.
#         Region: /tb/MyMips/cALU/ALU_AND(25)
# ** Warning: ../../proj/src/ALU/ALU.vhd(126): (vopt-3473) Component instance "ANDGS : andg2" is not bound.
#         Region: /tb/MyMips/cALU/ALU_AND(26)
# ** Warning: ../../proj/src/ALU/ALU.vhd(126): (vopt-3473) Component instance "ANDGS : andg2" is not bound.
#         Region: /tb/MyMips/cALU/ALU_AND(27)
# ** Warning: ../../proj/src/ALU/ALU.vhd(126): (vopt-3473) Component instance "ANDGS : andg2" is not bound.
#         Region: /tb/MyMips/cALU/ALU_AND(28)
# ** Warning: ../../proj/src/ALU/ALU.vhd(126): (vopt-3473) Component instance "ANDGS : andg2" is not bound.
#         Region: /tb/MyMips/cALU/ALU_AND(29)
# ** Warning: ../../proj/src/ALU/ALU.vhd(126): (vopt-3473) Component instance "ANDGS : andg2" is not bound.
#         Region: /tb/MyMips/cALU/ALU_AND(30)
# ** Warning: ../../proj/src/ALU/ALU.vhd(126): (vopt-3473) Component instance "ANDGS : andg2" is not bound.
#         Region: /tb/MyMips/cALU/ALU_AND(31)
# ** Warning: ../../proj/src/ALU/ALU.vhd(134): (vopt-3473) Component instance "ORGS : org2" is not bound.
#         Region: /tb/MyMips/cALU/ALU_OR(0)
# ** Warning: ../../proj/src/ALU/ALU.vhd(134): (vopt-3473) Component instance "ORGS : org2" is not bound.
#         Region: /tb/MyMips/cALU/ALU_OR(1)
# ** Warning: ../../proj/src/ALU/ALU.vhd(134): (vopt-3473) Component instance "ORGS : org2" is not bound.
#         Region: /tb/MyMips/cALU/ALU_OR(2)
# ** Warning: ../../proj/src/ALU/ALU.vhd(134): (vopt-3473) Component instance "ORGS : org2" is not bound.
#         Region: /tb/MyMips/cALU/ALU_OR(3)
# ** Warning: ../../proj/src/ALU/ALU.vhd(134): (vopt-3473) Component instance "ORGS : org2" is not bound.
#         Region: /tb/MyMips/cALU/ALU_OR(4)
# ** Warning: ../../proj/src/ALU/ALU.vhd(134): (vopt-3473) Component instance "ORGS : org2" is not bound.
#         Region: /tb/MyMips/cALU/ALU_OR(5)
# ** Warning: ../../proj/src/ALU/ALU.vhd(134): (vopt-3473) Component instance "ORGS : org2" is not bound.
#         Region: /tb/MyMips/cALU/ALU_OR(6)
# ** Warning: ../../proj/src/ALU/ALU.vhd(134): (vopt-3473) Component instance "ORGS : org2" is not bound.
#         Region: /tb/MyMips/cALU/ALU_OR(7)
# ** Warning: ../../proj/src/ALU/ALU.vhd(134): (vopt-3473) Component instance "ORGS : org2" is not bound.
#         Region: /tb/MyMips/cALU/ALU_OR(8)
# ** Warning: ../../proj/src/ALU/ALU.vhd(134): (vopt-3473) Component instance "ORGS : org2" is not bound.
#         Region: /tb/MyMips/cALU/ALU_OR(9)
# ** Warning: ../../proj/src/ALU/ALU.vhd(134): (vopt-3473) Component instance "ORGS : org2" is not bound.
#         Region: /tb/MyMips/cALU/ALU_OR(10)
# ** Warning: ../../proj/src/ALU/ALU.vhd(134): (vopt-3473) Component instance "ORGS : org2" is not bound.
#         Region: /tb/MyMips/cALU/ALU_OR(11)
# ** Warning: ../../proj/src/ALU/ALU.vhd(134): (vopt-3473) Component instance "ORGS : org2" is not bound.
#         Region: /tb/MyMips/cALU/ALU_OR(12)
# ** Warning: ../../proj/src/ALU/ALU.vhd(134): (vopt-3473) Component instance "ORGS : org2" is not bound.
#         Region: /tb/MyMips/cALU/ALU_OR(13)
# ** Warning: ../../proj/src/ALU/ALU.vhd(134): (vopt-3473) Component instance "ORGS : org2" is not bound.
#         Region: /tb/MyMips/cALU/ALU_OR(14)
# ** Warning: ../../proj/src/ALU/ALU.vhd(134): (vopt-3473) Component instance "ORGS : org2" is not bound.
#         Region: /tb/MyMips/cALU/ALU_OR(15)
# ** Warning: ../../proj/src/ALU/ALU.vhd(134): (vopt-3473) Component instance "ORGS : org2" is not bound.
#         Region: /tb/MyMips/cALU/ALU_OR(16)
# ** Warning: ../../proj/src/ALU/ALU.vhd(134): (vopt-3473) Component instance "ORGS : org2" is not bound.
#         Region: /tb/MyMips/cALU/ALU_OR(17)
# ** Warning: ../../proj/src/ALU/ALU.vhd(134): (vopt-3473) Component instance "ORGS : org2" is not bound.
#         Region: /tb/MyMips/cALU/ALU_OR(18)
# ** Warning: ../../proj/src/ALU/ALU.vhd(134): (vopt-3473) Component instance "ORGS : org2" is not bound.
#         Region: /tb/MyMips/cALU/ALU_OR(19)
# ** Warning: ../../proj/src/ALU/ALU.vhd(134): (vopt-3473) Component instance "ORGS : org2" is not bound.
#         Region: /tb/MyMips/cALU/ALU_OR(20)
# ** Warning: ../../proj/src/ALU/ALU.vhd(134): (vopt-3473) Component instance "ORGS : org2" is not bound.
#         Region: /tb/MyMips/cALU/ALU_OR(21)
# ** Warning: ../../proj/src/ALU/ALU.vhd(134): (vopt-3473) Component instance "ORGS : org2" is not bound.
#         Region: /tb/MyMips/cALU/ALU_OR(22)
# ** Warning: ../../proj/src/ALU/ALU.vhd(134): (vopt-3473) Component instance "ORGS : org2" is not bound.
#         Region: /tb/MyMips/cALU/ALU_OR(23)
# ** Warning: ../../proj/src/ALU/ALU.vhd(134): (vopt-3473) Component instance "ORGS : org2" is not bound.
#         Region: /tb/MyMips/cALU/ALU_OR(24)
# ** Warning: ../../proj/src/ALU/ALU.vhd(134): (vopt-3473) Component instance "ORGS : org2" is not bound.
#         Region: /tb/MyMips/cALU/ALU_OR(25)
# ** Warning: ../../proj/src/ALU/ALU.vhd(134): (vopt-3473) Component instance "ORGS : org2" is not bound.
#         Region: /tb/MyMips/cALU/ALU_OR(26)
# ** Warning: ../../proj/src/ALU/ALU.vhd(134): (vopt-3473) Component instance "ORGS : org2" is not bound.
#         Region: /tb/MyMips/cALU/ALU_OR(27)
# ** Warning: ../../proj/src/ALU/ALU.vhd(134): (vopt-3473) Component instance "ORGS : org2" is not bound.
#         Region: /tb/MyMips/cALU/ALU_OR(28)
# ** Warning: ../../proj/src/ALU/ALU.vhd(134): (vopt-3473) Component instance "ORGS : org2" is not bound.
#         Region: /tb/MyMips/cALU/ALU_OR(29)
# ** Warning: ../../proj/src/ALU/ALU.vhd(134): (vopt-3473) Component instance "ORGS : org2" is not bound.
#         Region: /tb/MyMips/cALU/ALU_OR(30)
# ** Warning: ../../proj/src/ALU/ALU.vhd(134): (vopt-3473) Component instance "ORGS : org2" is not bound.
#         Region: /tb/MyMips/cALU/ALU_OR(31)
# ** Warning: ../../proj/src/ALU/ALU.vhd(142): (vopt-3473) Component instance "XORGS : xorg2" is not bound.
#         Region: /tb/MyMips/cALU/ALU_XOR(0)
# ** Warning: ../../proj/src/ALU/ALU.vhd(142): (vopt-3473) Component instance "XORGS : xorg2" is not bound.
#         Region: /tb/MyMips/cALU/ALU_XOR(1)
# ** Warning: ../../proj/src/ALU/ALU.vhd(142): (vopt-3473) Component instance "XORGS : xorg2" is not bound.
#         Region: /tb/MyMips/cALU/ALU_XOR(2)
# ** Warning: ../../proj/src/ALU/ALU.vhd(142): (vopt-3473) Component instance "XORGS : xorg2" is not bound.
#         Region: /tb/MyMips/cALU/ALU_XOR(3)
# ** Warning: ../../proj/src/ALU/ALU.vhd(142): (vopt-3473) Component instance "XORGS : xorg2" is not bound.
#         Region: /tb/MyMips/cALU/ALU_XOR(4)
# ** Warning: ../../proj/src/ALU/ALU.vhd(142): (vopt-3473) Component instance "XORGS : xorg2" is not bound.
#         Region: /tb/MyMips/cALU/ALU_XOR(5)
# ** Warning: ../../proj/src/ALU/ALU.vhd(142): (vopt-3473) Component instance "XORGS : xorg2" is not bound.
#         Region: /tb/MyMips/cALU/ALU_XOR(6)
# ** Warning: ../../proj/src/ALU/ALU.vhd(142): (vopt-3473) Component instance "XORGS : xorg2" is not bound.
#         Region: /tb/MyMips/cALU/ALU_XOR(7)
# ** Warning: ../../proj/src/ALU/ALU.vhd(142): (vopt-3473) Component instance "XORGS : xorg2" is not bound.
#         Region: /tb/MyMips/cALU/ALU_XOR(8)
# ** Warning: ../../proj/src/ALU/ALU.vhd(142): (vopt-3473) Component instance "XORGS : xorg2" is not bound.
#         Region: /tb/MyMips/cALU/ALU_XOR(9)
# ** Warning: ../../proj/src/ALU/ALU.vhd(142): (vopt-3473) Component instance "XORGS : xorg2" is not bound.
#         Region: /tb/MyMips/cALU/ALU_XOR(10)
# ** Warning: ../../proj/src/ALU/ALU.vhd(142): (vopt-3473) Component instance "XORGS : xorg2" is not bound.
#         Region: /tb/MyMips/cALU/ALU_XOR(11)
# ** Warning: ../../proj/src/ALU/ALU.vhd(142): (vopt-3473) Component instance "XORGS : xorg2" is not bound.
#         Region: /tb/MyMips/cALU/ALU_XOR(12)
# ** Warning: ../../proj/src/ALU/ALU.vhd(142): (vopt-3473) Component instance "XORGS : xorg2" is not bound.
#         Region: /tb/MyMips/cALU/ALU_XOR(13)
# ** Warning: ../../proj/src/ALU/ALU.vhd(142): (vopt-3473) Component instance "XORGS : xorg2" is not bound.
#         Region: /tb/MyMips/cALU/ALU_XOR(14)
# ** Warning: ../../proj/src/ALU/ALU.vhd(142): (vopt-3473) Component instance "XORGS : xorg2" is not bound.
#         Region: /tb/MyMips/cALU/ALU_XOR(15)
# ** Warning: ../../proj/src/ALU/ALU.vhd(142): (vopt-3473) Component instance "XORGS : xorg2" is not bound.
#         Region: /tb/MyMips/cALU/ALU_XOR(16)
# ** Warning: ../../proj/src/ALU/ALU.vhd(142): (vopt-3473) Component instance "XORGS : xorg2" is not bound.
#         Region: /tb/MyMips/cALU/ALU_XOR(17)
# ** Warning: ../../proj/src/ALU/ALU.vhd(142): (vopt-3473) Component instance "XORGS : xorg2" is not bound.
#         Region: /tb/MyMips/cALU/ALU_XOR(18)
# ** Warning: ../../proj/src/ALU/ALU.vhd(142): (vopt-3473) Component instance "XORGS : xorg2" is not bound.
#         Region: /tb/MyMips/cALU/ALU_XOR(19)
# ** Warning: ../../proj/src/ALU/ALU.vhd(142): (vopt-3473) Component instance "XORGS : xorg2" is not bound.
#         Region: /tb/MyMips/cALU/ALU_XOR(20)
# ** Warning: ../../proj/src/ALU/ALU.vhd(142): (vopt-3473) Component instance "XORGS : xorg2" is not bound.
#         Region: /tb/MyMips/cALU/ALU_XOR(21)
# ** Warning: ../../proj/src/ALU/ALU.vhd(142): (vopt-3473) Component instance "XORGS : xorg2" is not bound.
#         Region: /tb/MyMips/cALU/ALU_XOR(22)
# ** Warning: ../../proj/src/ALU/ALU.vhd(142): (vopt-3473) Component instance "XORGS : xorg2" is not bound.
#         Region: /tb/MyMips/cALU/ALU_XOR(23)
# ** Warning: ../../proj/src/ALU/ALU.vhd(142): (vopt-3473) Component instance "XORGS : xorg2" is not bound.
#         Region: /tb/MyMips/cALU/ALU_XOR(24)
# ** Warning: ../../proj/src/ALU/ALU.vhd(142): (vopt-3473) Component instance "XORGS : xorg2" is not bound.
#         Region: /tb/MyMips/cALU/ALU_XOR(25)
# ** Warning: ../../proj/src/ALU/ALU.vhd(142): (vopt-3473) Component instance "XORGS : xorg2" is not bound.
#         Region: /tb/MyMips/cALU/ALU_XOR(26)
# ** Warning: ../../proj/src/ALU/ALU.vhd(142): (vopt-3473) Component instance "XORGS : xorg2" is not bound.
#         Region: /tb/MyMips/cALU/ALU_XOR(27)
# ** Warning: ../../proj/src/ALU/ALU.vhd(142): (vopt-3473) Component instance "XORGS : xorg2" is not bound.
#         Region: /tb/MyMips/cALU/ALU_XOR(28)
# ** Warning: ../../proj/src/ALU/ALU.vhd(142): (vopt-3473) Component instance "XORGS : xorg2" is not bound.
#         Region: /tb/MyMips/cALU/ALU_XOR(29)
# ** Warning: ../../proj/src/ALU/ALU.vhd(142): (vopt-3473) Component instance "XORGS : xorg2" is not bound.
#         Region: /tb/MyMips/cALU/ALU_XOR(30)
# ** Warning: ../../proj/src/ALU/ALU.vhd(142): (vopt-3473) Component instance "XORGS : xorg2" is not bound.
#         Region: /tb/MyMips/cALU/ALU_XOR(31)
# ** Warning: ../../proj/src/ALU/ALU.vhd(149): (vopt-3473) Component instance "ALU_NOR : onesComp" is not bound.
#         Region: /tb/MyMips/cALU
# ** Warning: ../../proj/src/ALU/ALU.vhd(155): (vopt-3473) Component instance "ALU_NOT : onesComp" is not bound.
#         Region: /tb/MyMips/cALU
# ** Warning: ../../proj/src/ALU/ALU.vhd(170): (vopt-3473) Component instance "adderN : n_addsub" is not bound.
#         Region: /tb/MyMips/cALU
# ** Warning: ../../proj/src/ALU/ALU.vhd(214): (vopt-3473) Component instance "ALU_SLT : n_addsub" is not bound.
#         Region: /tb/MyMips/cALU
# ** Note: (vopt-4301) Memory core inferred for signal 'ram' width=32, depth=1024, type=RAM at location proj/src/TopLevel/mem.vhd:35
# ** Note: (vsim-12126) Error and warning message counts have been restored: Errors=0, Warnings=105.
# //  Questa Sim-64
# //  Version 2023.2_2 linux_x86_64 Jun  9 2023
# //
# //  Copyright 1991-2023 Mentor Graphics Corporation
# //  All Rights Reserved.
# //
# //  QuestaSim and its associated documentation contain trade
# //  secrets and commercial or financial information that are the property of
# //  Mentor Graphics Corporation and are privileged, confidential,
# //  and exempt from disclosure under the Freedom of Information Act,
# //  5 U.S.C. Section 552. Furthermore, this information
# //  is prohibited from disclosure under the Trade Secrets Act,
# //  18 U.S.C. Section 1905.
# //
# Loading std.standard
# Loading std.textio(body)
# Loading ieee.std_logic_1164(body)
# Loading ieee.std_logic_textio(body)
# Loading std.env(body)
# Loading work.tb(mixed)#1
# Loading work.mips_types(body)
# Loading work.mips_processor(structure)#1
# Loading ieee.numeric_std(body)
# Loading work.mem(rtl)#1
# Loading work.controlmodule(dataflow)#1
# Loading work.fetch(mixed)#1
# Loading work.pc_full(mixed)#1
# Loading work.pc(mixed)#1
# ** Warning: (vsim-3473) Component instance "g_adder1 : adder_N" is not bound.
#    Time: 0 ns  Iteration: 0  Instance: /tb/MyMips/FetchLog File: /home/egriesma/cpre381/Project1/Single-Cycle-MIPS-Processor/Single-Cycle-MIPS-Processor/proj/src/fetch/fetch.vhd
# ** Warning: (vsim-3473) Component instance "g_adder2 : adder_N" is not bound.
#    Time: 0 ns  Iteration: 0  Instance: /tb/MyMips/FetchLog File: /home/egriesma/cpre381/Project1/Single-Cycle-MIPS-Processor/Single-Cycle-MIPS-Processor/proj/src/fetch/fetch.vhd
# ** Warning: (vsim-3473) Component instance "RegisterFile : regFile" is not bound.
#    Time: 0 ns  Iteration: 0  Instance: /tb/MyMips File: /home/egriesma/cpre381/Project1/Single-Cycle-MIPS-Processor/Single-Cycle-MIPS-Processor/proj/src/TopLevel/MIPS_Processor.vhd
# ** Warning: (vsim-3473) Component instance "extend : extender16t32" is not bound.
#    Time: 0 ns  Iteration: 0  Instance: /tb/MyMips File: /home/egriesma/cpre381/Project1/Single-Cycle-MIPS-Processor/Single-Cycle-MIPS-Processor/proj/src/TopLevel/MIPS_Processor.vhd
# Loading ieee.std_logic_arith(body)
# Loading work.alu(structure)#1
# ** Warning: (vsim-3473) Component instance "ANDGS : andg2" is not bound.
#    Time: 0 ns  Iteration: 0  Region: /tb/MyMips/cALU/ALU_AND(0) File: /home/egriesma/cpre381/Project1/Single-Cycle-MIPS-Processor/Single-Cycle-MIPS-Processor/proj/src/ALU/ALU.vhd
# ** Warning: (vsim-3473) Component instance "ANDGS : andg2" is not bound.
#    Time: 0 ns  Iteration: 0  Region: /tb/MyMips/cALU/ALU_AND(1) File: /home/egriesma/cpre381/Project1/Single-Cycle-MIPS-Processor/Single-Cycle-MIPS-Processor/proj/src/ALU/ALU.vhd
# ** Warning: (vsim-3473) Component instance "ANDGS : andg2" is not bound.
#    Time: 0 ns  Iteration: 0  Region: /tb/MyMips/cALU/ALU_AND(2) File: /home/egriesma/cpre381/Project1/Single-Cycle-MIPS-Processor/Single-Cycle-MIPS-Processor/proj/src/ALU/ALU.vhd
# ** Warning: (vsim-3473) Component instance "ANDGS : andg2" is not bound.
#    Time: 0 ns  Iteration: 0  Region: /tb/MyMips/cALU/ALU_AND(3) File: /home/egriesma/cpre381/Project1/Single-Cycle-MIPS-Processor/Single-Cycle-MIPS-Processor/proj/src/ALU/ALU.vhd
# ** Warning: (vsim-3473) Component instance "ANDGS : andg2" is not bound.
#    Time: 0 ns  Iteration: 0  Region: /tb/MyMips/cALU/ALU_AND(4) File: /home/egriesma/cpre381/Project1/Single-Cycle-MIPS-Processor/Single-Cycle-MIPS-Processor/proj/src/ALU/ALU.vhd
# ** Warning: (vsim-3473) Component instance "ANDGS : andg2" is not bound.
#    Time: 0 ns  Iteration: 0  Region: /tb/MyMips/cALU/ALU_AND(5) File: /home/egriesma/cpre381/Project1/Single-Cycle-MIPS-Processor/Single-Cycle-MIPS-Processor/proj/src/ALU/ALU.vhd
# ** Warning: (vsim-3473) Component instance "ANDGS : andg2" is not bound.
#    Time: 0 ns  Iteration: 0  Region: /tb/MyMips/cALU/ALU_AND(6) File: /home/egriesma/cpre381/Project1/Single-Cycle-MIPS-Processor/Single-Cycle-MIPS-Processor/proj/src/ALU/ALU.vhd
# ** Warning: (vsim-3473) Component instance "ANDGS : andg2" is not bound.
#    Time: 0 ns  Iteration: 0  Region: /tb/MyMips/cALU/ALU_AND(7) File: /home/egriesma/cpre381/Project1/Single-Cycle-MIPS-Processor/Single-Cycle-MIPS-Processor/proj/src/ALU/ALU.vhd
# ** Warning: (vsim-3473) Component instance "ANDGS : andg2" is not bound.
#    Time: 0 ns  Iteration: 0  Region: /tb/MyMips/cALU/ALU_AND(8) File: /home/egriesma/cpre381/Project1/Single-Cycle-MIPS-Processor/Single-Cycle-MIPS-Processor/proj/src/ALU/ALU.vhd
# ** Warning: (vsim-3473) Component instance "ANDGS : andg2" is not bound.
#    Time: 0 ns  Iteration: 0  Region: /tb/MyMips/cALU/ALU_AND(9) File: /home/egriesma/cpre381/Project1/Single-Cycle-MIPS-Processor/Single-Cycle-MIPS-Processor/proj/src/ALU/ALU.vhd
# ** Warning: (vsim-3473) Component instance "ANDGS : andg2" is not bound.
#    Time: 0 ns  Iteration: 0  Region: /tb/MyMips/cALU/ALU_AND(10) File: /home/egriesma/cpre381/Project1/Single-Cycle-MIPS-Processor/Single-Cycle-MIPS-Processor/proj/src/ALU/ALU.vhd
# ** Warning: (vsim-3473) Component instance "ANDGS : andg2" is not bound.
#    Time: 0 ns  Iteration: 0  Region: /tb/MyMips/cALU/ALU_AND(11) File: /home/egriesma/cpre381/Project1/Single-Cycle-MIPS-Processor/Single-Cycle-MIPS-Processor/proj/src/ALU/ALU.vhd
# ** Warning: (vsim-3473) Component instance "ANDGS : andg2" is not bound.
#    Time: 0 ns  Iteration: 0  Region: /tb/MyMips/cALU/ALU_AND(12) File: /home/egriesma/cpre381/Project1/Single-Cycle-MIPS-Processor/Single-Cycle-MIPS-Processor/proj/src/ALU/ALU.vhd
# ** Warning: (vsim-3473) Component instance "ANDGS : andg2" is not bound.
#    Time: 0 ns  Iteration: 0  Region: /tb/MyMips/cALU/ALU_AND(13) File: /home/egriesma/cpre381/Project1/Single-Cycle-MIPS-Processor/Single-Cycle-MIPS-Processor/proj/src/ALU/ALU.vhd
# ** Warning: (vsim-3473) Component instance "ANDGS : andg2" is not bound.
#    Time: 0 ns  Iteration: 0  Region: /tb/MyMips/cALU/ALU_AND(14) File: /home/egriesma/cpre381/Project1/Single-Cycle-MIPS-Processor/Single-Cycle-MIPS-Processor/proj/src/ALU/ALU.vhd
# ** Warning: (vsim-3473) Component instance "ANDGS : andg2" is not bound.
#    Time: 0 ns  Iteration: 0  Region: /tb/MyMips/cALU/ALU_AND(15) File: /home/egriesma/cpre381/Project1/Single-Cycle-MIPS-Processor/Single-Cycle-MIPS-Processor/proj/src/ALU/ALU.vhd
# ** Warning: (vsim-3473) Component instance "ANDGS : andg2" is not bound.
#    Time: 0 ns  Iteration: 0  Region: /tb/MyMips/cALU/ALU_AND(16) File: /home/egriesma/cpre381/Project1/Single-Cycle-MIPS-Processor/Single-Cycle-MIPS-Processor/proj/src/ALU/ALU.vhd
# ** Warning: (vsim-3473) Component instance "ANDGS : andg2" is not bound.
#    Time: 0 ns  Iteration: 0  Region: /tb/MyMips/cALU/ALU_AND(17) File: /home/egriesma/cpre381/Project1/Single-Cycle-MIPS-Processor/Single-Cycle-MIPS-Processor/proj/src/ALU/ALU.vhd
# ** Warning: (vsim-3473) Component instance "ANDGS : andg2" is not bound.
#    Time: 0 ns  Iteration: 0  Region: /tb/MyMips/cALU/ALU_AND(18) File: /home/egriesma/cpre381/Project1/Single-Cycle-MIPS-Processor/Single-Cycle-MIPS-Processor/proj/src/ALU/ALU.vhd
# ** Warning: (vsim-3473) Component instance "ANDGS : andg2" is not bound.
#    Time: 0 ns  Iteration: 0  Region: /tb/MyMips/cALU/ALU_AND(19) File: /home/egriesma/cpre381/Project1/Single-Cycle-MIPS-Processor/Single-Cycle-MIPS-Processor/proj/src/ALU/ALU.vhd
# ** Warning: (vsim-3473) Component instance "ANDGS : andg2" is not bound.
#    Time: 0 ns  Iteration: 0  Region: /tb/MyMips/cALU/ALU_AND(20) File: /home/egriesma/cpre381/Project1/Single-Cycle-MIPS-Processor/Single-Cycle-MIPS-Processor/proj/src/ALU/ALU.vhd
# ** Warning: (vsim-3473) Component instance "ANDGS : andg2" is not bound.
#    Time: 0 ns  Iteration: 0  Region: /tb/MyMips/cALU/ALU_AND(21) File: /home/egriesma/cpre381/Project1/Single-Cycle-MIPS-Processor/Single-Cycle-MIPS-Processor/proj/src/ALU/ALU.vhd
# ** Warning: (vsim-3473) Component instance "ANDGS : andg2" is not bound.
#    Time: 0 ns  Iteration: 0  Region: /tb/MyMips/cALU/ALU_AND(22) File: /home/egriesma/cpre381/Project1/Single-Cycle-MIPS-Processor/Single-Cycle-MIPS-Processor/proj/src/ALU/ALU.vhd
# ** Warning: (vsim-3473) Component instance "ANDGS : andg2" is not bound.
#    Time: 0 ns  Iteration: 0  Region: /tb/MyMips/cALU/ALU_AND(23) File: /home/egriesma/cpre381/Project1/Single-Cycle-MIPS-Processor/Single-Cycle-MIPS-Processor/proj/src/ALU/ALU.vhd
# ** Warning: (vsim-3473) Component instance "ANDGS : andg2" is not bound.
#    Time: 0 ns  Iteration: 0  Region: /tb/MyMips/cALU/ALU_AND(24) File: /home/egriesma/cpre381/Project1/Single-Cycle-MIPS-Processor/Single-Cycle-MIPS-Processor/proj/src/ALU/ALU.vhd
# ** Warning: (vsim-3473) Component instance "ANDGS : andg2" is not bound.
#    Time: 0 ns  Iteration: 0  Region: /tb/MyMips/cALU/ALU_AND(25) File: /home/egriesma/cpre381/Project1/Single-Cycle-MIPS-Processor/Single-Cycle-MIPS-Processor/proj/src/ALU/ALU.vhd
# ** Warning: (vsim-3473) Component instance "ANDGS : andg2" is not bound.
#    Time: 0 ns  Iteration: 0  Region: /tb/MyMips/cALU/ALU_AND(26) File: /home/egriesma/cpre381/Project1/Single-Cycle-MIPS-Processor/Single-Cycle-MIPS-Processor/proj/src/ALU/ALU.vhd
# ** Warning: (vsim-3473) Component instance "ANDGS : andg2" is not bound.
#    Time: 0 ns  Iteration: 0  Region: /tb/MyMips/cALU/ALU_AND(27) File: /home/egriesma/cpre381/Project1/Single-Cycle-MIPS-Processor/Single-Cycle-MIPS-Processor/proj/src/ALU/ALU.vhd
# ** Warning: (vsim-3473) Component instance "ANDGS : andg2" is not bound.
#    Time: 0 ns  Iteration: 0  Region: /tb/MyMips/cALU/ALU_AND(28) File: /home/egriesma/cpre381/Project1/Single-Cycle-MIPS-Processor/Single-Cycle-MIPS-Processor/proj/src/ALU/ALU.vhd
# ** Warning: (vsim-3473) Component instance "ANDGS : andg2" is not bound.
#    Time: 0 ns  Iteration: 0  Region: /tb/MyMips/cALU/ALU_AND(29) File: /home/egriesma/cpre381/Project1/Single-Cycle-MIPS-Processor/Single-Cycle-MIPS-Processor/proj/src/ALU/ALU.vhd
# ** Warning: (vsim-3473) Component instance "ANDGS : andg2" is not bound.
#    Time: 0 ns  Iteration: 0  Region: /tb/MyMips/cALU/ALU_AND(30) File: /home/egriesma/cpre381/Project1/Single-Cycle-MIPS-Processor/Single-Cycle-MIPS-Processor/proj/src/ALU/ALU.vhd
# ** Warning: (vsim-3473) Component instance "ANDGS : andg2" is not bound.
#    Time: 0 ns  Iteration: 0  Region: /tb/MyMips/cALU/ALU_AND(31) File: /home/egriesma/cpre381/Project1/Single-Cycle-MIPS-Processor/Single-Cycle-MIPS-Processor/proj/src/ALU/ALU.vhd
# ** Warning: (vsim-3473) Component instance "ORGS : org2" is not bound.
#    Time: 0 ns  Iteration: 0  Region: /tb/MyMips/cALU/ALU_OR(0) File: /home/egriesma/cpre381/Project1/Single-Cycle-MIPS-Processor/Single-Cycle-MIPS-Processor/proj/src/ALU/ALU.vhd
# ** Warning: (vsim-3473) Component instance "ORGS : org2" is not bound.
#    Time: 0 ns  Iteration: 0  Region: /tb/MyMips/cALU/ALU_OR(1) File: /home/egriesma/cpre381/Project1/Single-Cycle-MIPS-Processor/Single-Cycle-MIPS-Processor/proj/src/ALU/ALU.vhd
# ** Warning: (vsim-3473) Component instance "ORGS : org2" is not bound.
#    Time: 0 ns  Iteration: 0  Region: /tb/MyMips/cALU/ALU_OR(2) File: /home/egriesma/cpre381/Project1/Single-Cycle-MIPS-Processor/Single-Cycle-MIPS-Processor/proj/src/ALU/ALU.vhd
# ** Warning: (vsim-3473) Component instance "ORGS : org2" is not bound.
#    Time: 0 ns  Iteration: 0  Region: /tb/MyMips/cALU/ALU_OR(3) File: /home/egriesma/cpre381/Project1/Single-Cycle-MIPS-Processor/Single-Cycle-MIPS-Processor/proj/src/ALU/ALU.vhd
# ** Warning: (vsim-3473) Component instance "ORGS : org2" is not bound.
#    Time: 0 ns  Iteration: 0  Region: /tb/MyMips/cALU/ALU_OR(4) File: /home/egriesma/cpre381/Project1/Single-Cycle-MIPS-Processor/Single-Cycle-MIPS-Processor/proj/src/ALU/ALU.vhd
# ** Warning: (vsim-3473) Component instance "ORGS : org2" is not bound.
#    Time: 0 ns  Iteration: 0  Region: /tb/MyMips/cALU/ALU_OR(5) File: /home/egriesma/cpre381/Project1/Single-Cycle-MIPS-Processor/Single-Cycle-MIPS-Processor/proj/src/ALU/ALU.vhd
# ** Warning: (vsim-3473) Component instance "ORGS : org2" is not bound.
#    Time: 0 ns  Iteration: 0  Region: /tb/MyMips/cALU/ALU_OR(6) File: /home/egriesma/cpre381/Project1/Single-Cycle-MIPS-Processor/Single-Cycle-MIPS-Processor/proj/src/ALU/ALU.vhd
# ** Warning: (vsim-3473) Component instance "ORGS : org2" is not bound.
#    Time: 0 ns  Iteration: 0  Region: /tb/MyMips/cALU/ALU_OR(7) File: /home/egriesma/cpre381/Project1/Single-Cycle-MIPS-Processor/Single-Cycle-MIPS-Processor/proj/src/ALU/ALU.vhd
# ** Warning: (vsim-3473) Component instance "ORGS : org2" is not bound.
#    Time: 0 ns  Iteration: 0  Region: /tb/MyMips/cALU/ALU_OR(8) File: /home/egriesma/cpre381/Project1/Single-Cycle-MIPS-Processor/Single-Cycle-MIPS-Processor/proj/src/ALU/ALU.vhd
# ** Warning: (vsim-3473) Component instance "ORGS : org2" is not bound.
#    Time: 0 ns  Iteration: 0  Region: /tb/MyMips/cALU/ALU_OR(9) File: /home/egriesma/cpre381/Project1/Single-Cycle-MIPS-Processor/Single-Cycle-MIPS-Processor/proj/src/ALU/ALU.vhd
# ** Warning: (vsim-3473) Component instance "ORGS : org2" is not bound.
#    Time: 0 ns  Iteration: 0  Region: /tb/MyMips/cALU/ALU_OR(10) File: /home/egriesma/cpre381/Project1/Single-Cycle-MIPS-Processor/Single-Cycle-MIPS-Processor/proj/src/ALU/ALU.vhd
# ** Warning: (vsim-3473) Component instance "ORGS : org2" is not bound.
#    Time: 0 ns  Iteration: 0  Region: /tb/MyMips/cALU/ALU_OR(11) File: /home/egriesma/cpre381/Project1/Single-Cycle-MIPS-Processor/Single-Cycle-MIPS-Processor/proj/src/ALU/ALU.vhd
# ** Warning: (vsim-3473) Component instance "ORGS : org2" is not bound.
#    Time: 0 ns  Iteration: 0  Region: /tb/MyMips/cALU/ALU_OR(12) File: /home/egriesma/cpre381/Project1/Single-Cycle-MIPS-Processor/Single-Cycle-MIPS-Processor/proj/src/ALU/ALU.vhd
# ** Warning: (vsim-3473) Component instance "ORGS : org2" is not bound.
#    Time: 0 ns  Iteration: 0  Region: /tb/MyMips/cALU/ALU_OR(13) File: /home/egriesma/cpre381/Project1/Single-Cycle-MIPS-Processor/Single-Cycle-MIPS-Processor/proj/src/ALU/ALU.vhd
# ** Warning: (vsim-3473) Component instance "ORGS : org2" is not bound.
#    Time: 0 ns  Iteration: 0  Region: /tb/MyMips/cALU/ALU_OR(14) File: /home/egriesma/cpre381/Project1/Single-Cycle-MIPS-Processor/Single-Cycle-MIPS-Processor/proj/src/ALU/ALU.vhd
# ** Warning: (vsim-3473) Component instance "ORGS : org2" is not bound.
#    Time: 0 ns  Iteration: 0  Region: /tb/MyMips/cALU/ALU_OR(15) File: /home/egriesma/cpre381/Project1/Single-Cycle-MIPS-Processor/Single-Cycle-MIPS-Processor/proj/src/ALU/ALU.vhd
# ** Warning: (vsim-3473) Component instance "ORGS : org2" is not bound.
#    Time: 0 ns  Iteration: 0  Region: /tb/MyMips/cALU/ALU_OR(16) File: /home/egriesma/cpre381/Project1/Single-Cycle-MIPS-Processor/Single-Cycle-MIPS-Processor/proj/src/ALU/ALU.vhd
# ** Warning: (vsim-3473) Component instance "ORGS : org2" is not bound.
#    Time: 0 ns  Iteration: 0  Region: /tb/MyMips/cALU/ALU_OR(17) File: /home/egriesma/cpre381/Project1/Single-Cycle-MIPS-Processor/Single-Cycle-MIPS-Processor/proj/src/ALU/ALU.vhd
# ** Warning: (vsim-3473) Component instance "ORGS : org2" is not bound.
#    Time: 0 ns  Iteration: 0  Region: /tb/MyMips/cALU/ALU_OR(18) File: /home/egriesma/cpre381/Project1/Single-Cycle-MIPS-Processor/Single-Cycle-MIPS-Processor/proj/src/ALU/ALU.vhd
# ** Warning: (vsim-3473) Component instance "ORGS : org2" is not bound.
#    Time: 0 ns  Iteration: 0  Region: /tb/MyMips/cALU/ALU_OR(19) File: /home/egriesma/cpre381/Project1/Single-Cycle-MIPS-Processor/Single-Cycle-MIPS-Processor/proj/src/ALU/ALU.vhd
# ** Warning: (vsim-3473) Component instance "ORGS : org2" is not bound.
#    Time: 0 ns  Iteration: 0  Region: /tb/MyMips/cALU/ALU_OR(20) File: /home/egriesma/cpre381/Project1/Single-Cycle-MIPS-Processor/Single-Cycle-MIPS-Processor/proj/src/ALU/ALU.vhd
# ** Warning: (vsim-3473) Component instance "ORGS : org2" is not bound.
#    Time: 0 ns  Iteration: 0  Region: /tb/MyMips/cALU/ALU_OR(21) File: /home/egriesma/cpre381/Project1/Single-Cycle-MIPS-Processor/Single-Cycle-MIPS-Processor/proj/src/ALU/ALU.vhd
# ** Warning: (vsim-3473) Component instance "ORGS : org2" is not bound.
#    Time: 0 ns  Iteration: 0  Region: /tb/MyMips/cALU/ALU_OR(22) File: /home/egriesma/cpre381/Project1/Single-Cycle-MIPS-Processor/Single-Cycle-MIPS-Processor/proj/src/ALU/ALU.vhd
# ** Warning: (vsim-3473) Component instance "ORGS : org2" is not bound.
#    Time: 0 ns  Iteration: 0  Region: /tb/MyMips/cALU/ALU_OR(23) File: /home/egriesma/cpre381/Project1/Single-Cycle-MIPS-Processor/Single-Cycle-MIPS-Processor/proj/src/ALU/ALU.vhd
# ** Warning: (vsim-3473) Component instance "ORGS : org2" is not bound.
#    Time: 0 ns  Iteration: 0  Region: /tb/MyMips/cALU/ALU_OR(24) File: /home/egriesma/cpre381/Project1/Single-Cycle-MIPS-Processor/Single-Cycle-MIPS-Processor/proj/src/ALU/ALU.vhd
# ** Warning: (vsim-3473) Component instance "ORGS : org2" is not bound.
#    Time: 0 ns  Iteration: 0  Region: /tb/MyMips/cALU/ALU_OR(25) File: /home/egriesma/cpre381/Project1/Single-Cycle-MIPS-Processor/Single-Cycle-MIPS-Processor/proj/src/ALU/ALU.vhd
# ** Warning: (vsim-3473) Component instance "ORGS : org2" is not bound.
#    Time: 0 ns  Iteration: 0  Region: /tb/MyMips/cALU/ALU_OR(26) File: /home/egriesma/cpre381/Project1/Single-Cycle-MIPS-Processor/Single-Cycle-MIPS-Processor/proj/src/ALU/ALU.vhd
# ** Warning: (vsim-3473) Component instance "ORGS : org2" is not bound.
#    Time: 0 ns  Iteration: 0  Region: /tb/MyMips/cALU/ALU_OR(27) File: /home/egriesma/cpre381/Project1/Single-Cycle-MIPS-Processor/Single-Cycle-MIPS-Processor/proj/src/ALU/ALU.vhd
# ** Warning: (vsim-3473) Component instance "ORGS : org2" is not bound.
#    Time: 0 ns  Iteration: 0  Region: /tb/MyMips/cALU/ALU_OR(28) File: /home/egriesma/cpre381/Project1/Single-Cycle-MIPS-Processor/Single-Cycle-MIPS-Processor/proj/src/ALU/ALU.vhd
# ** Warning: (vsim-3473) Component instance "ORGS : org2" is not bound.
#    Time: 0 ns  Iteration: 0  Region: /tb/MyMips/cALU/ALU_OR(29) File: /home/egriesma/cpre381/Project1/Single-Cycle-MIPS-Processor/Single-Cycle-MIPS-Processor/proj/src/ALU/ALU.vhd
# ** Warning: (vsim-3473) Component instance "ORGS : org2" is not bound.
#    Time: 0 ns  Iteration: 0  Region: /tb/MyMips/cALU/ALU_OR(30) File: /home/egriesma/cpre381/Project1/Single-Cycle-MIPS-Processor/Single-Cycle-MIPS-Processor/proj/src/ALU/ALU.vhd
# ** Warning: (vsim-3473) Component instance "ORGS : org2" is not bound.
#    Time: 0 ns  Iteration: 0  Region: /tb/MyMips/cALU/ALU_OR(31) File: /home/egriesma/cpre381/Project1/Single-Cycle-MIPS-Processor/Single-Cycle-MIPS-Processor/proj/src/ALU/ALU.vhd
# ** Warning: (vsim-3473) Component instance "XORGS : xorg2" is not bound.
#    Time: 0 ns  Iteration: 0  Region: /tb/MyMips/cALU/ALU_XOR(0) File: /home/egriesma/cpre381/Project1/Single-Cycle-MIPS-Processor/Single-Cycle-MIPS-Processor/proj/src/ALU/ALU.vhd
# ** Warning: (vsim-3473) Component instance "XORGS : xorg2" is not bound.
#    Time: 0 ns  Iteration: 0  Region: /tb/MyMips/cALU/ALU_XOR(1) File: /home/egriesma/cpre381/Project1/Single-Cycle-MIPS-Processor/Single-Cycle-MIPS-Processor/proj/src/ALU/ALU.vhd
# ** Warning: (vsim-3473) Component instance "XORGS : xorg2" is not bound.
#    Time: 0 ns  Iteration: 0  Region: /tb/MyMips/cALU/ALU_XOR(2) File: /home/egriesma/cpre381/Project1/Single-Cycle-MIPS-Processor/Single-Cycle-MIPS-Processor/proj/src/ALU/ALU.vhd
# ** Warning: (vsim-3473) Component instance "XORGS : xorg2" is not bound.
#    Time: 0 ns  Iteration: 0  Region: /tb/MyMips/cALU/ALU_XOR(3) File: /home/egriesma/cpre381/Project1/Single-Cycle-MIPS-Processor/Single-Cycle-MIPS-Processor/proj/src/ALU/ALU.vhd
# ** Warning: (vsim-3473) Component instance "XORGS : xorg2" is not bound.
#    Time: 0 ns  Iteration: 0  Region: /tb/MyMips/cALU/ALU_XOR(4) File: /home/egriesma/cpre381/Project1/Single-Cycle-MIPS-Processor/Single-Cycle-MIPS-Processor/proj/src/ALU/ALU.vhd
# ** Warning: (vsim-3473) Component instance "XORGS : xorg2" is not bound.
#    Time: 0 ns  Iteration: 0  Region: /tb/MyMips/cALU/ALU_XOR(5) File: /home/egriesma/cpre381/Project1/Single-Cycle-MIPS-Processor/Single-Cycle-MIPS-Processor/proj/src/ALU/ALU.vhd
# ** Warning: (vsim-3473) Component instance "XORGS : xorg2" is not bound.
#    Time: 0 ns  Iteration: 0  Region: /tb/MyMips/cALU/ALU_XOR(6) File: /home/egriesma/cpre381/Project1/Single-Cycle-MIPS-Processor/Single-Cycle-MIPS-Processor/proj/src/ALU/ALU.vhd
# ** Warning: (vsim-3473) Component instance "XORGS : xorg2" is not bound.
#    Time: 0 ns  Iteration: 0  Region: /tb/MyMips/cALU/ALU_XOR(7) File: /home/egriesma/cpre381/Project1/Single-Cycle-MIPS-Processor/Single-Cycle-MIPS-Processor/proj/src/ALU/ALU.vhd
# ** Warning: (vsim-3473) Component instance "XORGS : xorg2" is not bound.
#    Time: 0 ns  Iteration: 0  Region: /tb/MyMips/cALU/ALU_XOR(8) File: /home/egriesma/cpre381/Project1/Single-Cycle-MIPS-Processor/Single-Cycle-MIPS-Processor/proj/src/ALU/ALU.vhd
# ** Warning: (vsim-3473) Component instance "XORGS : xorg2" is not bound.
#    Time: 0 ns  Iteration: 0  Region: /tb/MyMips/cALU/ALU_XOR(9) File: /home/egriesma/cpre381/Project1/Single-Cycle-MIPS-Processor/Single-Cycle-MIPS-Processor/proj/src/ALU/ALU.vhd
# ** Warning: (vsim-3473) Component instance "XORGS : xorg2" is not bound.
#    Time: 0 ns  Iteration: 0  Region: /tb/MyMips/cALU/ALU_XOR(10) File: /home/egriesma/cpre381/Project1/Single-Cycle-MIPS-Processor/Single-Cycle-MIPS-Processor/proj/src/ALU/ALU.vhd
# ** Warning: (vsim-3473) Component instance "XORGS : xorg2" is not bound.
#    Time: 0 ns  Iteration: 0  Region: /tb/MyMips/cALU/ALU_XOR(11) File: /home/egriesma/cpre381/Project1/Single-Cycle-MIPS-Processor/Single-Cycle-MIPS-Processor/proj/src/ALU/ALU.vhd
# ** Warning: (vsim-3473) Component instance "XORGS : xorg2" is not bound.
#    Time: 0 ns  Iteration: 0  Region: /tb/MyMips/cALU/ALU_XOR(12) File: /home/egriesma/cpre381/Project1/Single-Cycle-MIPS-Processor/Single-Cycle-MIPS-Processor/proj/src/ALU/ALU.vhd
# ** Warning: (vsim-3473) Component instance "XORGS : xorg2" is not bound.
#    Time: 0 ns  Iteration: 0  Region: /tb/MyMips/cALU/ALU_XOR(13) File: /home/egriesma/cpre381/Project1/Single-Cycle-MIPS-Processor/Single-Cycle-MIPS-Processor/proj/src/ALU/ALU.vhd
# ** Warning: (vsim-3473) Component instance "XORGS : xorg2" is not bound.
#    Time: 0 ns  Iteration: 0  Region: /tb/MyMips/cALU/ALU_XOR(14) File: /home/egriesma/cpre381/Project1/Single-Cycle-MIPS-Processor/Single-Cycle-MIPS-Processor/proj/src/ALU/ALU.vhd
# ** Warning: (vsim-3473) Component instance "XORGS : xorg2" is not bound.
#    Time: 0 ns  Iteration: 0  Region: /tb/MyMips/cALU/ALU_XOR(15) File: /home/egriesma/cpre381/Project1/Single-Cycle-MIPS-Processor/Single-Cycle-MIPS-Processor/proj/src/ALU/ALU.vhd
# ** Warning: (vsim-3473) Component instance "XORGS : xorg2" is not bound.
#    Time: 0 ns  Iteration: 0  Region: /tb/MyMips/cALU/ALU_XOR(16) File: /home/egriesma/cpre381/Project1/Single-Cycle-MIPS-Processor/Single-Cycle-MIPS-Processor/proj/src/ALU/ALU.vhd
# ** Warning: (vsim-3473) Component instance "XORGS : xorg2" is not bound.
#    Time: 0 ns  Iteration: 0  Region: /tb/MyMips/cALU/ALU_XOR(17) File: /home/egriesma/cpre381/Project1/Single-Cycle-MIPS-Processor/Single-Cycle-MIPS-Processor/proj/src/ALU/ALU.vhd
# ** Warning: (vsim-3473) Component instance "XORGS : xorg2" is not bound.
#    Time: 0 ns  Iteration: 0  Region: /tb/MyMips/cALU/ALU_XOR(18) File: /home/egriesma/cpre381/Project1/Single-Cycle-MIPS-Processor/Single-Cycle-MIPS-Processor/proj/src/ALU/ALU.vhd
# ** Warning: (vsim-3473) Component instance "XORGS : xorg2" is not bound.
#    Time: 0 ns  Iteration: 0  Region: /tb/MyMips/cALU/ALU_XOR(19) File: /home/egriesma/cpre381/Project1/Single-Cycle-MIPS-Processor/Single-Cycle-MIPS-Processor/proj/src/ALU/ALU.vhd
# ** Warning: (vsim-3473) Component instance "XORGS : xorg2" is not bound.
#    Time: 0 ns  Iteration: 0  Region: /tb/MyMips/cALU/ALU_XOR(20) File: /home/egriesma/cpre381/Project1/Single-Cycle-MIPS-Processor/Single-Cycle-MIPS-Processor/proj/src/ALU/ALU.vhd
# ** Warning: (vsim-3473) Component instance "XORGS : xorg2" is not bound.
#    Time: 0 ns  Iteration: 0  Region: /tb/MyMips/cALU/ALU_XOR(21) File: /home/egriesma/cpre381/Project1/Single-Cycle-MIPS-Processor/Single-Cycle-MIPS-Processor/proj/src/ALU/ALU.vhd
# ** Warning: (vsim-3473) Component instance "XORGS : xorg2" is not bound.
#    Time: 0 ns  Iteration: 0  Region: /tb/MyMips/cALU/ALU_XOR(22) File: /home/egriesma/cpre381/Project1/Single-Cycle-MIPS-Processor/Single-Cycle-MIPS-Processor/proj/src/ALU/ALU.vhd
# ** Warning: (vsim-3473) Component instance "XORGS : xorg2" is not bound.
#    Time: 0 ns  Iteration: 0  Region: /tb/MyMips/cALU/ALU_XOR(23) File: /home/egriesma/cpre381/Project1/Single-Cycle-MIPS-Processor/Single-Cycle-MIPS-Processor/proj/src/ALU/ALU.vhd
# ** Warning: (vsim-3473) Component instance "XORGS : xorg2" is not bound.
#    Time: 0 ns  Iteration: 0  Region: /tb/MyMips/cALU/ALU_XOR(24) File: /home/egriesma/cpre381/Project1/Single-Cycle-MIPS-Processor/Single-Cycle-MIPS-Processor/proj/src/ALU/ALU.vhd
# ** Warning: (vsim-3473) Component instance "XORGS : xorg2" is not bound.
#    Time: 0 ns  Iteration: 0  Region: /tb/MyMips/cALU/ALU_XOR(25) File: /home/egriesma/cpre381/Project1/Single-Cycle-MIPS-Processor/Single-Cycle-MIPS-Processor/proj/src/ALU/ALU.vhd
# ** Warning: (vsim-3473) Component instance "XORGS : xorg2" is not bound.
#    Time: 0 ns  Iteration: 0  Region: /tb/MyMips/cALU/ALU_XOR(26) File: /home/egriesma/cpre381/Project1/Single-Cycle-MIPS-Processor/Single-Cycle-MIPS-Processor/proj/src/ALU/ALU.vhd
# ** Warning: (vsim-3473) Component instance "XORGS : xorg2" is not bound.
#    Time: 0 ns  Iteration: 0  Region: /tb/MyMips/cALU/ALU_XOR(27) File: /home/egriesma/cpre381/Project1/Single-Cycle-MIPS-Processor/Single-Cycle-MIPS-Processor/proj/src/ALU/ALU.vhd
# ** Warning: (vsim-3473) Component instance "XORGS : xorg2" is not bound.
#    Time: 0 ns  Iteration: 0  Region: /tb/MyMips/cALU/ALU_XOR(28) File: /home/egriesma/cpre381/Project1/Single-Cycle-MIPS-Processor/Single-Cycle-MIPS-Processor/proj/src/ALU/ALU.vhd
# ** Warning: (vsim-3473) Component instance "XORGS : xorg2" is not bound.
#    Time: 0 ns  Iteration: 0  Region: /tb/MyMips/cALU/ALU_XOR(29) File: /home/egriesma/cpre381/Project1/Single-Cycle-MIPS-Processor/Single-Cycle-MIPS-Processor/proj/src/ALU/ALU.vhd
# ** Warning: (vsim-3473) Component instance "XORGS : xorg2" is not bound.
#    Time: 0 ns  Iteration: 0  Region: /tb/MyMips/cALU/ALU_XOR(30) File: /home/egriesma/cpre381/Project1/Single-Cycle-MIPS-Processor/Single-Cycle-MIPS-Processor/proj/src/ALU/ALU.vhd
# ** Warning: (vsim-3473) Component instance "XORGS : xorg2" is not bound.
#    Time: 0 ns  Iteration: 0  Region: /tb/MyMips/cALU/ALU_XOR(31) File: /home/egriesma/cpre381/Project1/Single-Cycle-MIPS-Processor/Single-Cycle-MIPS-Processor/proj/src/ALU/ALU.vhd
# ** Warning: (vsim-3473) Component instance "ALU_NOR : onesComp" is not bound.
#    Time: 0 ns  Iteration: 0  Instance: /tb/MyMips/cALU File: /home/egriesma/cpre381/Project1/Single-Cycle-MIPS-Processor/Single-Cycle-MIPS-Processor/proj/src/ALU/ALU.vhd
# ** Warning: (vsim-3473) Component instance "ALU_NOT : onesComp" is not bound.
#    Time: 0 ns  Iteration: 0  Instance: /tb/MyMips/cALU File: /home/egriesma/cpre381/Project1/Single-Cycle-MIPS-Processor/Single-Cycle-MIPS-Processor/proj/src/ALU/ALU.vhd
# ** Warning: (vsim-3473) Component instance "adderN : n_addsub" is not bound.
#    Time: 0 ns  Iteration: 0  Instance: /tb/MyMips/cALU File: /home/egriesma/cpre381/Project1/Single-Cycle-MIPS-Processor/Single-Cycle-MIPS-Processor/proj/src/ALU/ALU.vhd
# Loading work.barrelshifter(mixed)#1
# ** Warning: (vsim-3473) Component instance "ALU_SLT : n_addsub" is not bound.
#    Time: 0 ns  Iteration: 0  Instance: /tb/MyMips/cALU File: /home/egriesma/cpre381/Project1/Single-Cycle-MIPS-Processor/Single-Cycle-MIPS-Processor/proj/src/ALU/ALU.vhd
# ** Note: (vsim-8900) Creating design debug database vsim.dbg.
# do modelsim_framework.do
# ** Warning: NUMERIC_STD.TO_INTEGER: metavalue detected, returning 0
#    Time: 0 ns  Iteration: 0  Instance: /tb/MyMips/DMem
# ** Warning: NUMERIC_STD.TO_INTEGER: metavalue detected, returning 0
#    Time: 0 ns  Iteration: 0  Instance: /tb/MyMips/IMem
# ** Warning: NUMERIC_STD.TO_INTEGER: metavalue detected, returning 0
#    Time: 0 ns  Iteration: 6  Instance: /tb/MyMips/DMem
# ** Warning: NUMERIC_STD.TO_INTEGER: metavalue detected, returning 0
#    Time: 40 ns  Iteration: 5  Instance: /tb/MyMips/IMem
# End time: 16:48:27 on Apr 13,2024, Elapsed time: 0:00:02
# Errors: 0, Warnings: 213
